2025-08-11 13:33:02,056 - INFO - Iniciando sincronização com Bling...
2025-08-11 13:33:03,220 - INFO - Conectado ao banco 108.167.132.218:3306/acdcco13_banquinho
2025-08-11 13:33:03,902 - INFO - Página 1: 100 produtos
2025-08-11 13:34:10,834 - WARNING - Detalhe produto 16508946281 retornou HTTP 429
2025-08-11 13:34:39,473 - INFO - Página 1 processada. Upserts acumulados: 100
2025-08-11 13:34:40,392 - INFO - Página 2: 100 produtos
2025-08-11 13:36:14,681 - INFO - Página 2 processada. Upserts acumulados: 200
2025-08-11 13:36:15,839 - INFO - Página 3: 100 produtos
2025-08-11 13:37:50,730 - INFO - Página 3 processada. Upserts acumulados: 300
2025-08-11 13:37:51,747 - INFO - Página 4: 100 produtos
2025-08-11 13:38:10,848 - WARNING - Detalhe produto 16051444993 retornou HTTP 429
2025-08-11 13:39:10,901 - WARNING - Detalhe produto 5562853783 retornou HTTP 429
2025-08-11 13:39:24,929 - INFO - Página 4 processada. Upserts acumulados: 400
2025-08-11 13:39:25,832 - INFO - Página 5: 100 produtos
2025-08-11 13:40:12,056 - WARNING - Detalhe produto 3792585899 retornou HTTP 429
2025-08-11 13:40:58,482 - INFO - Página 5 processada. Upserts acumulados: 500
2025-08-11 13:40:59,479 - INFO - Página 6: 100 produtos
2025-08-11 13:41:10,966 - WARNING - Detalhe produto 3400262761 retornou HTTP 429
2025-08-11 13:42:10,834 - WARNING - Detalhe produto 2021444501 retornou HTTP 429
2025-08-11 13:42:31,238 - INFO - Página 6 processada. Upserts acumulados: 600
2025-08-11 13:42:32,158 - INFO - Página 7: 100 produtos
2025-08-11 13:43:11,933 - WARNING - Detalhe produto 1496405255 retornou HTTP 429
2025-08-11 13:44:05,124 - INFO - Página 7 processada. Upserts acumulados: 700
2025-08-11 13:44:06,028 - INFO - Página 8: 100 produtos
2025-08-11 13:45:38,905 - INFO - Página 8 processada. Upserts acumulados: 800
2025-08-11 13:45:39,792 - INFO - Página 9: 100 produtos
2025-08-11 13:47:10,944 - INFO - Página 9 processada. Upserts acumulados: 900
2025-08-11 13:47:11,730 - ERROR - Erro ao buscar produtos (HTTP 429): {
    "error": {
        "type": "TOO_MANY_REQUESTS",
        "message": "Limite de requisi\u00e7\u00f5es atingido.",
        "description": "O limite de requisi\u00e7\u00f5es por segundo foi atingido, tente novamente mais tarde.",
        "limit": 3,
        "period": "second"
    }
}
2025-08-11 13:47:11,731 - INFO - Finalizado. Produtos processados: 900 | Inseridos/Atualizados: 900
2025-08-11 14:38:42,119 - INFO - Iniciando sincronização com Bling...
2025-08-11 14:38:43,297 - INFO - Conectado ao banco 108.167.132.218:3306/acdcco13_banquinho
2025-08-11 14:38:43,723 - WARNING - Token expirado. Renovando...
2025-08-11 14:38:43,978 - ERROR - Falha ao renovar token: HTTP 400 - {"error":{"type":"invalid_client","message":"invalid_client","description":"Client credentials were not found in the headers"}}
2025-08-11 14:38:43,979 - ERROR - Erro ao buscar produtos (HTTP 401): {"error":{"type":"invalid_token","message":"invalid_token","description":"The access token provided has expired"}}
2025-08-11 14:38:43,979 - INFO - Finalizado. Processados: 0 | Inseridos/Atualizados: 0 | Pendentes detalhe: 0
2025-08-11 14:40:19,490 - INFO - Iniciando sincronização com Bling...
2025-08-11 14:40:20,670 - INFO - Conectado ao banco 108.167.132.218:3306/acdcco13_banquinho
2025-08-11 14:40:21,300 - INFO - Página 1: 100 produtos
2025-08-11 14:42:26,653 - INFO - Página 1 processada. Upserts acumulados: 100
2025-08-11 14:42:27,670 - INFO - Página 2: 100 produtos
2025-08-11 14:42:56,000 - WARNING - 429 recebido. Aguardando 2.01s (tentativa 1).
2025-08-11 14:44:34,444 - INFO - Página 2 processada. Upserts acumulados: 200
2025-08-11 14:44:35,497 - INFO - Página 3: 100 produtos
2025-08-11 14:46:42,375 - INFO - Página 3 processada. Upserts acumulados: 300
2025-08-11 14:46:43,416 - INFO - Página 4: 100 produtos
2025-08-11 14:48:50,623 - INFO - Página 4 processada. Upserts acumulados: 400
2025-08-11 14:48:51,565 - INFO - Página 5: 100 produtos
2025-08-11 14:50:56,367 - INFO - Página 5 processada. Upserts acumulados: 500
2025-08-11 14:50:57,317 - INFO - Página 6: 100 produtos
2025-08-11 14:53:01,222 - INFO - Página 6 processada. Upserts acumulados: 600
2025-08-11 14:53:02,194 - INFO - Página 7: 100 produtos
2025-08-11 14:55:05,380 - INFO - Página 7 processada. Upserts acumulados: 700
2025-08-11 14:55:06,323 - INFO - Página 8: 100 produtos
2025-08-11 14:57:10,798 - INFO - Página 8 processada. Upserts acumulados: 800
2025-08-11 14:57:11,714 - INFO - Página 9: 100 produtos
2025-08-11 14:59:14,737 - INFO - Página 9 processada. Upserts acumulados: 900
2025-08-11 14:59:15,623 - INFO - Página 10: 100 produtos
2025-08-11 15:01:25,168 - INFO - Página 10 processada. Upserts acumulados: 1000
2025-08-11 15:01:26,103 - INFO - Página 11: 100 produtos
2025-08-11 15:03:28,906 - INFO - Página 11 processada. Upserts acumulados: 1100
2025-08-11 15:03:29,797 - INFO - Página 12: 100 produtos
2025-08-11 15:05:33,093 - INFO - Página 12 processada. Upserts acumulados: 1200
2025-08-11 15:05:33,985 - INFO - Página 13: 100 produtos
2025-08-11 15:07:37,833 - INFO - Página 13 processada. Upserts acumulados: 1300
2025-08-11 15:07:38,727 - INFO - Página 14: 100 produtos
